[debug] [2025-07-01T14:20:56.313Z] ----------------------------------------------------------------------
[debug] [2025-07-01T14:20:56.317Z] Command:       C:\Program Files\nodejs\node.exe C:\Users\annon\AppData\Roaming\npm\node_modules\firebase-tools\lib\bin\firebase.js init
[debug] [2025-07-01T14:20:56.318Z] CLI Version:   14.9.0
[debug] [2025-07-01T14:20:56.318Z] Platform:      win32
[debug] [2025-07-01T14:20:56.318Z] Node Version:  v22.14.0
[debug] [2025-07-01T14:20:56.319Z] Time:          Tue Jul 01 2025 20:20:56 GMT+0600 (Bangladesh Standard Time)
[debug] [2025-07-01T14:20:56.319Z] ----------------------------------------------------------------------
[debug] 
[debug] [2025-07-01T14:20:56.329Z] > command requires scopes: ["email","openid","https://www.googleapis.com/auth/cloudplatformprojects.readonly","https://www.googleapis.com/auth/firebase","https://www.googleapis.com/auth/cloud-platform"]
[debug] [2025-07-01T14:20:56.330Z] > authorizing via signed-in user (sakibulhasan159@gmail.com)
[info] 
     ######## #### ########  ######## ########     ###     ######  ########
     ##        ##  ##     ## ##       ##     ##  ##   ##  ##       ##
     ######    ##  ########  ######   ########  #########  ######  ######
     ##        ##  ##    ##  ##       ##     ## ##     ##       ## ##
     ##       #### ##     ## ######## ########  ##     ##  ######  ########

You're about to initialize a Firebase project in this directory:

  C:\Users\annon\Documents\My Programming\Projects\MealVenture

[info] 
=== Project Setup
[info] 
[info] First, let's associate this project directory with a Firebase project.
[info] You can create multiple project aliases by running firebase use --add, 
[info] but for now we'll just set up a default project.
[info] 
[debug] [2025-07-01T14:21:31.397Z] Checked if tokens are valid: true, expires at: 1751383244155
[debug] [2025-07-01T14:21:31.397Z] Checked if tokens are valid: true, expires at: 1751383244155
[debug] [2025-07-01T14:21:31.400Z] >>> [apiv2][query] GET https://firebase.googleapis.com/v1beta1/projects pageSize=100
[debug] [2025-07-01T14:21:32.374Z] <<< [apiv2][status] GET https://firebase.googleapis.com/v1beta1/projects 200
[debug] [2025-07-01T14:21:32.375Z] <<< [apiv2][body] GET https://firebase.googleapis.com/v1beta1/projects [omitted]
[info] i  Using project lub-you-ruqaiyah (lub-you-ruqaiyah) 
[info] 
=== Hosting Setup
[debug] [2025-07-01T14:21:36.217Z] Checked if tokens are valid: true, expires at: 1751383244155
[debug] [2025-07-01T14:21:36.218Z] Checked if tokens are valid: true, expires at: 1751383244155
[debug] [2025-07-01T14:21:36.218Z] >>> [apiv2][query] GET https://firebase.googleapis.com/v1beta1/projects/lub-you-ruqaiyah [none]
[debug] [2025-07-01T14:21:36.602Z] <<< [apiv2][status] GET https://firebase.googleapis.com/v1beta1/projects/lub-you-ruqaiyah 200
[debug] [2025-07-01T14:21:36.603Z] <<< [apiv2][body] GET https://firebase.googleapis.com/v1beta1/projects/lub-you-ruqaiyah {"projectId":"lub-you-ruqaiyah","projectNumber":"228300004441","displayName":"lub-you-ruqaiyah","name":"projects/lub-you-ruqaiyah","resources":{"hostingSite":"lub-you-ruqaiyah"},"state":"ACTIVE","etag":"1_6f545367-6c55-4d31-ac52-6995c3499fa7"}
[info] 
[info] Your public directory is the folder (relative to your project directory) that
[info] will contain Hosting assets to be uploaded with firebase deploy. If you
[info] have a build process for your assets, use your build's output directory.
[info] 
[debug] [2025-07-01T14:24:29.836Z] ExitPromptError: User force closed the prompt with SIGINT
    at Interface.sigint (C:\Users\annon\AppData\Roaming\npm\node_modules\firebase-tools\node_modules\@inquirer\core\dist\commonjs\lib\create-prompt.js:101:37)
    at Interface.emit (node:events:518:28)
    at Interface.emit (node:domain:489:12)
    at [_ttyWrite] [as _ttyWrite] (node:internal/readline/interface:1124:18)
    at ReadStream.onkeypress (node:internal/readline/interface:263:20)
    at ReadStream.emit (node:events:530:35)
    at ReadStream.emit (node:domain:489:12)
    at emitKeys (node:internal/readline/utils:370:14)
    at emitKeys.next (<anonymous>)
    at ReadStream.onData (node:internal/readline/emitKeypressEvents:64:36)
[error] 
[error] Error: An unexpected error has occurred.
